c:\users\mradz\onedrive - nova scotia community college\semester 4\c++\assignment 2\linkedlist\x64\debug\vc142.pdb
c:\users\mradz\onedrive - nova scotia community college\semester 4\c++\assignment 2\linkedlist\x64\debug\vc142.idb
c:\users\mradz\onedrive - nova scotia community college\semester 4\c++\assignment 2\linkedlist\x64\debug\mylinkedlist.obj
c:\users\mradz\onedrive - nova scotia community college\semester 4\c++\assignment 2\linkedlist\x64\debug\linkedlist.obj
c:\users\mradz\onedrive - nova scotia community college\semester 4\c++\assignment 3\linked list\x64\debug\vc142.pdb
c:\users\mradz\onedrive - nova scotia community college\semester 4\c++\assignment 3\linked list\x64\debug\vc142.idb
c:\users\mradz\onedrive - nova scotia community college\semester 4\c++\assignment 3\linked list\x64\debug\mylinkedlist.obj
c:\users\mradz\onedrive - nova scotia community college\semester 4\c++\assignment 3\linked list\x64\debug\linkedlist.obj
c:\users\mradz\onedrive - nova scotia community college\semester 4\c++\assignment 2\linkedlist\x64\debug\linkedlist.exe
c:\users\mradz\onedrive - nova scotia community college\semester 4\c++\assignment 2\linkedlist\x64\debug\linkedlist.ilk
c:\users\mradz\onedrive - nova scotia community college\semester 4\c++\assignment 2\linkedlist\x64\debug\linkedlist.pdb
c:\users\mradz\onedrive - nova scotia community college\semester 4\c++\assignment 3\linked list\x64\debug\linkedlist.exe
c:\users\mradz\onedrive - nova scotia community college\semester 4\c++\assignment 3\linked list\x64\debug\linkedlist.ilk
c:\users\mradz\onedrive - nova scotia community college\semester 4\c++\assignment 3\linked list\x64\debug\linkedlist.pdb
c:\users\mradz\onedrive - nova scotia community college\semester 4\c++\assignment 3\linked list\x64\debug\mylinkedlist.obj.enc
c:\users\mradz\onedrive - nova scotia community college\semester 4\c++\assignment 3\linked list\x64\debug\linkedlist.tlog\cl.command.1.tlog
c:\users\mradz\onedrive - nova scotia community college\semester 4\c++\assignment 3\linked list\x64\debug\linkedlist.tlog\cl.read.1.tlog
c:\users\mradz\onedrive - nova scotia community college\semester 4\c++\assignment 3\linked list\x64\debug\linkedlist.tlog\cl.write.1.tlog
c:\users\mradz\onedrive - nova scotia community college\semester 4\c++\assignment 3\linked list\x64\debug\linkedlist.tlog\link.command.1.tlog
c:\users\mradz\onedrive - nova scotia community college\semester 4\c++\assignment 3\linked list\x64\debug\linkedlist.tlog\link.read.1.tlog
c:\users\mradz\onedrive - nova scotia community college\semester 4\c++\assignment 3\linked list\x64\debug\linkedlist.tlog\link.write.1.tlog
